Started by user [8mha:AAAAlh+LCAAAAAAAAP9b85aBtbiIQTGjNKU4P08vOT+vOD8nVc83PyU1x6OyILUoJzMv2y+/JJUBAhiZGBgqihhk0NSjKDWzXb3RdlLBUSYGJk8GtpzUvPSSDB8G5tKinBIGIZ+sxLJE/ZzEvHT94JKizLx0a6BxUmjGOUNodHsLgAzOEgYu/dLi1CL9vNKcHACFIKlWvwAAAA==[0manonymous
Building in workspace D:\ATS jenkins plugin\ATS\work\jobs\ATS Plugin Test\workspace
e89851c8-0658-43cd-babb-1a383dfb88d1, 57efd4f8-0101-4cb7-b481-ea889d8617aa, 2b6fb370-eed9-418b-ad38-4aa3e99eb5bc, false, https://ats100.mendixcloud.com
Build step 'Run ATS test(s)' changed build result to FAILURE
Finished: FAILURE
